============================= test session starts ==============================
platform darwin -- Python 3.10.14, pytest-8.4.1, pluggy-1.6.0
benchmark: 5.1.0 (defaults: timer=time.perf_counter disable_gc=False min_rounds=5 min_time=0.000005 max_time=1.0 calibration_precision=10 warmup=False warmup_iterations=100000)
rootdir: /Volumes/T7/athalia-dev-setup
plugins: anyio-4.9.0, cov-6.2.1, asyncio-1.0.0, benchmark-5.1.0, timeout-2.4.0, xdist-3.7.0, mock-3.14.1, langsmith-0.4.7
asyncio: mode=strict, asyncio_default_fixture_loop_scope=None, asyncio_default_test_loop_scope=function
collected 304 items

tests/integration/test_cli_robustesse.py .                               [  0%]
tests/integration/test_end_to_end.py s                                   [  0%]
tests/integration/test_yaml_validity.py .                                [  0%]
tests/test_adaptive_distillation.py .....                                [  2%]
tests/test_advanced_analytics_unit.py .......                            [  4%]
tests/test_agent_network.py .                                            [  5%]
tests/test_ai_robust.py .............                                    [  9%]
tests/test_ai_robust_integration.py ........                             [ 12%]
tests/test_analytics.py ....s.                                           [ 14%]
tests/test_api_distillation.py .                                         [ 14%]
tests/test_athalia_orchestrator.py ...............                       [ 19%]
tests/test_athalia_simple.py ...                                         [ 20%]
tests/test_audit_intelligent.py ........s                                [ 23%]
tests/test_auto_correction_avancee.py ...                                [ 24%]
tests/test_autocomplete_server.py ...                                    [ 25%]
tests/test_benchmark_critical.py ...F                                    [ 26%]
tests/test_ci.py .                                                       [ 26%]
tests/test_cleanup.py .                                                  [ 27%]
tests/test_code_genetics.py .....                                        [ 28%]
tests/test_continue_models.py .                                          [ 29%]
tests/test_correction.py ...                                             [ 30%]
tests/test_dashboard.py .                                                [ 30%]
tests/test_dashboard_unifie.py sssss                                     [ 32%]
tests/test_dashboard_unifie_simple.py .....                              [ 33%]
tests/test_distillation.py ..........                                    [ 37%]
tests/test_final.py ...                                                  [ 38%]
tests/test_final_athalia.py ....                                         [ 39%]
tests/test_generation.py .......                                         [ 41%]
tests/test_i18n.py ..                                                    [ 42%]
tests/test_integration_1.py ...                                          [ 43%]
tests/test_integration_autogen.py .                                      [ 43%]
tests/test_integration_distillation.py .....                             [ 45%]
tests/test_integration_multimodal.py .                                   [ 45%]
tests/test_multi_file_editor.py ..                                       [ 46%]
tests/test_multimodal_distiller.py ..                                    [ 47%]
tests/test_onboarding.py .                                               [ 47%]
tests/test_performance_1.py ...                                          [ 48%]
tests/test_plugin_complet.py .....                                       [ 50%]
tests/test_plugins.py ....                                               [ 51%]
tests/test_plugins_validator.py ..                                       [ 51%]
tests/test_predictive_cache.py ......                                    [ 53%]
tests/test_profils_utilisateur_avances.py .....                          [ 55%]
tests/test_project_importer.py .                                         [ 55%]
tests/test_ready_check.py ..                                             [ 56%]
tests/test_security.py .                                                 [ 56%]
tests/test_unified.py ..                                                 [ 57%]
tests/test_unit_1.py ss                                                  [ 58%]
tests/test_unit_10.py sss                                                [ 59%]
tests/test_unit_11.py sss                                                [ 60%]
tests/test_unit_12.py ss                                                 [ 60%]
tests/test_unit_13.py ss                                                 [ 61%]
tests/test_unit_14.py .ss                                                [ 62%]
tests/test_unit_15.py sss                                                [ 63%]
tests/test_unit_16.py sssssssssssssssssss                                [ 69%]
tests/test_unit_17.py .s                                                 [ 70%]
tests/test_unit_18.py .sss                                               [ 71%]
tests/test_unit_19.py .s                                                 [ 72%]
tests/test_unit_2.py s                                                   [ 72%]
tests/test_unit_20.py .                                                  [ 73%]
tests/test_unit_21.py .s                                                 [ 73%]
tests/test_unit_22.py .sssssssssss                                       [ 77%]
tests/test_unit_23.py .s                                                 [ 78%]
tests/test_unit_26.py .sssssssss                                         [ 81%]
tests/test_unit_27.py .ssssssss                                          [ 84%]
tests/test_unit_28.py .sssssssssss                                       [ 88%]
tests/test_unit_3.py sssss                                               [ 90%]
tests/test_unit_30.py .ss                                                [ 91%]
tests/test_unit_31.py .ss                                                [ 92%]
tests/test_unit_32.py .s                                                 [ 92%]
tests/test_unit_33.py .                                                  [ 93%]
tests/test_unit_34.py .                                                  [ 93%]
tests/test_unit_35.py .                                                  [ 93%]
tests/test_unit_36.py .                                                  [ 94%]
tests/test_unit_4.py ss                                                  [ 94%]
tests/test_unit_5.py sssss.ssssss                                        [ 98%]
tests/test_unit_6.py s                                                   [ 99%]
tests/test_unit_7.py sss
ERROR: Coverage failure: total of 65 is less than fail-under=80
                                                                         [100%]

=================================== FAILURES ===================================
________________________ test_global_coverage_threshold ________________________

    def test_global_coverage_threshold():
        """Ce test échoue si la couverture descend sous 80%."""
        # Empêcher la récursion infinie en détectant l'environnement
        if os.environ.get("ATHALIA_COVERAGE_SUBPROCESS") == "1":
            pytest.skip("Test de couverture lancé en sous-processus, skip pour éviter la récursion.")
        import subprocess
        env = os.environ.copy()
        env["ATHALIA_COVERAGE_SUBPROCESS"] = "1"
        result = subprocess.run([
            sys.executable, "-m", "pytest", "--cov=athalia_core", "--cov-report=term", "--cov-fail-under=80", "-q"
        ], capture_output=True, text=True, env=env)
        print(result.stdout)
>       assert result.returncode == 0, "La couverture de code est insuffisante (<80%) !"
E       AssertionError: La couverture de code est insuffisante (<80%) !
E       assert 1 == 0
E        +  where 1 = CompletedProcess(args=['/Volumes/T7/arkalia-luna-venv/bin/python', '-m', 'pytest', '--cov=athalia_core', '--cov-report...ia-dev-setup/athalia_core/templates/api_templates.py\' (couldnt-parse)\n  coverage._warn(msg, slug="couldnt-parse")\n').returncode

tests/test_benchmark_critical.py:43: AssertionError
----------------------------- Captured stdout call -----------------------------
.........s.......................................s...................... [ 23%]
......s.........s............sssss...................................... [ 46%]
.......................................ssssssssssss.ssssssssssssssssssss [ 69%]
ssss.s.sss.ss..s.sssssssssss.s.sssssssss.ssssssss.ssssssssssssssss.ss.ss [ 92%]
.s....sssssss.ssssssssss
ERROR: Coverage failure: total of 65 is less than fail-under=80
                                                                         [100%]
=============================== warnings summary ===============================
../arkalia-luna-venv/lib/python3.10/site-packages/pygame/pkgdata.py:25
  /Volumes/T7/arkalia-luna-venv/lib/python3.10/site-packages/pygame/pkgdata.py:25: UserWarning: pkg_resources is deprecated as an API. See https://setuptools.pypa.io/en/latest/pkg_resources.html. The pkg_resources package is slated for removal as early as 2025-11-30. Refrain from using this package or pin to Setuptools<81.
    from pkg_resources import resource_stream, resource_exists

tests/test_complet_athalia.py:27
  /Volumes/T7/athalia-dev-setup/tests/test_complet_athalia.py:27: PytestCollectionWarning: cannot collect test class 'TestCompletAthalia' because it has a __init__ constructor (from: tests/test_complet_athalia.py)
    class TestCompletAthalia:

tests/test_athalia_simple.py::test_creation_projet
  /Volumes/T7/arkalia-luna-venv/lib/python3.10/site-packages/_pytest/python.py:161: PytestReturnNotNoneWarning: Test functions should return None, but tests/test_athalia_simple.py::test_creation_projet returned <class 'tuple'>.
  Did you mean to use `assert` instead of `return`?
  See https://docs.pytest.org/en/stable/how-to/assert.html#return-not-none for more information.
    warnings.warn(

tests/test_athalia_simple.py::test_correction_projet
  /Volumes/T7/arkalia-luna-venv/lib/python3.10/site-packages/_pytest/python.py:161: PytestReturnNotNoneWarning: Test functions should return None, but tests/test_athalia_simple.py::test_correction_projet returned <class 'list'>.
  Did you mean to use `assert` instead of `return`?
  See https://docs.pytest.org/en/stable/how-to/assert.html#return-not-none for more information.
    warnings.warn(

tests/test_athalia_simple.py::test_audit_projet
  /Volumes/T7/arkalia-luna-venv/lib/python3.10/site-packages/_pytest/python.py:161: PytestReturnNotNoneWarning: Test functions should return None, but tests/test_athalia_simple.py::test_audit_projet returned <class 'dict'>.
  Did you mean to use `assert` instead of `return`?
  See https://docs.pytest.org/en/stable/how-to/assert.html#return-not-none for more information.
    warnings.warn(

tests/test_correction.py::test_audit
  /Volumes/T7/arkalia-luna-venv/lib/python3.10/site-packages/_pytest/python.py:161: PytestReturnNotNoneWarning: Test functions should return None, but tests/test_correction.py::test_audit returned <class 'dict'>.
  Did you mean to use `assert` instead of `return`?
  See https://docs.pytest.org/en/stable/how-to/assert.html#return-not-none for more information.
    warnings.warn(

tests/test_correction.py::test_correction
  /Volumes/T7/arkalia-luna-venv/lib/python3.10/site-packages/_pytest/python.py:161: PytestReturnNotNoneWarning: Test functions should return None, but tests/test_correction.py::test_correction returned <class 'dict'>.
  Did you mean to use `assert` instead of `return`?
  See https://docs.pytest.org/en/stable/how-to/assert.html#return-not-none for more information.
    warnings.warn(

tests/test_correction.py::test_generation_improvement
  /Volumes/T7/arkalia-luna-venv/lib/python3.10/site-packages/_pytest/python.py:161: PytestReturnNotNoneWarning: Test functions should return None, but tests/test_correction.py::test_generation_improvement returned <class 'dict'>.
  Did you mean to use `assert` instead of `return`?
  See https://docs.pytest.org/en/stable/how-to/assert.html#return-not-none for more information.
    warnings.warn(

tests/test_final.py::test_module_availability
  /Volumes/T7/arkalia-luna-venv/lib/python3.10/site-packages/_pytest/python.py:161: PytestReturnNotNoneWarning: Test functions should return None, but tests/test_final.py::test_module_availability returned <class 'bool'>.
  Did you mean to use `assert` instead of `return`?
  See https://docs.pytest.org/en/stable/how-to/assert.html#return-not-none for more information.
    warnings.warn(

tests/test_final_athalia.py::test_compilation_fichiers
  /Volumes/T7/arkalia-luna-venv/lib/python3.10/site-packages/_pytest/python.py:161: PytestReturnNotNoneWarning: Test functions should return None, but tests/test_final_athalia.py::test_compilation_fichiers returned <class 'list'>.
  Did you mean to use `assert` instead of `return`?
  See https://docs.pytest.org/en/stable/how-to/assert.html#return-not-none for more information.
    warnings.warn(

tests/test_final_athalia.py::test_execution_principale
  /Volumes/T7/arkalia-luna-venv/lib/python3.10/site-packages/_pytest/python.py:161: PytestReturnNotNoneWarning: Test functions should return None, but tests/test_final_athalia.py::test_execution_principale returned <class 'bool'>.
  Did you mean to use `assert` instead of `return`?
  See https://docs.pytest.org/en/stable/how-to/assert.html#return-not-none for more information.
    warnings.warn(

tests/test_final_athalia.py::test_imports_modules
  /Volumes/T7/arkalia-luna-venv/lib/python3.10/site-packages/_pytest/python.py:161: PytestReturnNotNoneWarning: Test functions should return None, but tests/test_final_athalia.py::test_imports_modules returned <class 'list'>.
  Did you mean to use `assert` instead of `return`?
  See https://docs.pytest.org/en/stable/how-to/assert.html#return-not-none for more information.
    warnings.warn(

tests/test_final_athalia.py::test_structure_projet
  /Volumes/T7/arkalia-luna-venv/lib/python3.10/site-packages/_pytest/python.py:161: PytestReturnNotNoneWarning: Test functions should return None, but tests/test_final_athalia.py::test_structure_projet returned <class 'list'>.
  Did you mean to use `assert` instead of `return`?
  See https://docs.pytest.org/en/stable/how-to/assert.html#return-not-none for more information.
    warnings.warn(

tests/test_plugin_complet.py::test_vscode_installation
  /Volumes/T7/arkalia-luna-venv/lib/python3.10/site-packages/_pytest/python.py:161: PytestReturnNotNoneWarning: Test functions should return None, but tests/test_plugin_complet.py::test_vscode_installation returned <class 'bool'>.
  Did you mean to use `assert` instead of `return`?
  See https://docs.pytest.org/en/stable/how-to/assert.html#return-not-none for more information.
    warnings.warn(

tests/test_plugin_complet.py::test_plugin_compilation
  /Volumes/T7/arkalia-luna-venv/lib/python3.10/site-packages/_pytest/python.py:161: PytestReturnNotNoneWarning: Test functions should return None, but tests/test_plugin_complet.py::test_plugin_compilation returned <class 'bool'>.
  Did you mean to use `assert` instead of `return`?
  See https://docs.pytest.org/en/stable/how-to/assert.html#return-not-none for more information.
    warnings.warn(

tests/test_plugin_complet.py::test_package_json
  /Volumes/T7/arkalia-luna-venv/lib/python3.10/site-packages/_pytest/python.py:161: PytestReturnNotNoneWarning: Test functions should return None, but tests/test_plugin_complet.py::test_package_json returned <class 'bool'>.
  Did you mean to use `assert` instead of `return`?
  See https://docs.pytest.org/en/stable/how-to/assert.html#return-not-none for more information.
    warnings.warn(

tests/test_plugin_complet.py::test_ai_server
  /Volumes/T7/arkalia-luna-venv/lib/python3.10/site-packages/_pytest/python.py:161: PytestReturnNotNoneWarning: Test functions should return None, but tests/test_plugin_complet.py::test_ai_server returned <class 'bool'>.
  Did you mean to use `assert` instead of `return`?
  See https://docs.pytest.org/en/stable/how-to/assert.html#return-not-none for more information.
    warnings.warn(

tests/test_plugin_complet.py::test_apple_double_files
  /Volumes/T7/arkalia-luna-venv/lib/python3.10/site-packages/_pytest/python.py:161: PytestReturnNotNoneWarning: Test functions should return None, but tests/test_plugin_complet.py::test_apple_double_files returned <class 'bool'>.
  Did you mean to use `assert` instead of `return`?
  See https://docs.pytest.org/en/stable/how-to/assert.html#return-not-none for more information.
    warnings.warn(

tests/test_unified.py::test_unified_version
  /Volumes/T7/arkalia-luna-venv/lib/python3.10/site-packages/_pytest/python.py:161: PytestReturnNotNoneWarning: Test functions should return None, but tests/test_unified.py::test_unified_version returned <class 'bool'>.
  Did you mean to use `assert` instead of `return`?
  See https://docs.pytest.org/en/stable/how-to/assert.html#return-not-none for more information.
    warnings.warn(

tests/test_unified.py::test_modules_availability
  /Volumes/T7/arkalia-luna-venv/lib/python3.10/site-packages/_pytest/python.py:161: PytestReturnNotNoneWarning: Test functions should return None, but tests/test_unified.py::test_modules_availability returned <class 'bool'>.
  Did you mean to use `assert` instead of `return`?
  See https://docs.pytest.org/en/stable/how-to/assert.html#return-not-none for more information.
    warnings.warn(

-- Docs: https://docs.pytest.org/en/stable/how-to/capture-warnings.html
================================ tests coverage ================================
______________ coverage: platform darwin, python 3.10.14-final-0 _______________

Name                                                 Stmts   Miss  Cover
------------------------------------------------------------------------
athalia_core/__init__.py                                15      0   100%
athalia_core/advanced_analytics.py                     181     19    90%
athalia_core/ai_robust.py                              190     49    74%
athalia_core/analytics.py                               80     12    85%
athalia_core/athalia_orchestrator.py                   327    103    69%
athalia_core/audit.py                                  249     10    96%
athalia_core/auto_cicd.py                              133     20    85%
athalia_core/auto_cleaner.py                           230    195    15%
athalia_core/auto_documenter.py                        331    118    64%
athalia_core/auto_tester.py                            186     80    57%
athalia_core/autocomplete_engine.py                     29      4    86%
athalia_core/autocomplete_server.py                     23      1    96%
athalia_core/ci.py                                      32      5    84%
athalia_core/classification/__init__.py                  4      0   100%
athalia_core/classification/project_classifier.py       49     27    45%
athalia_core/classification/project_types.py            15      2    87%
athalia_core/cleanup.py                                 54     17    69%
athalia_core/cli.py                                    107    107     0%
athalia_core/code_linter.py                             83     13    84%
athalia_core/config_manager.py                         170    170     0%
athalia_core/dashboard.py                               28     22    21%
athalia_core/distillation/__init__.py                    0      0   100%
athalia_core/distillation/adaptive_distillation.py      56      4    93%
athalia_core/distillation/audit_distiller.py            17      0   100%
athalia_core/distillation/code_genetics.py              29      0   100%
athalia_core/distillation/correction_distiller.py       11      1    91%
athalia_core/distillation/multimodal_distiller.py       27      3    89%
athalia_core/distillation/predictive_cache.py           35      0   100%
athalia_core/distillation/quality_scorer.py              6      0   100%
athalia_core/distillation/response_distiller.py         65      6    91%
athalia_core/generation.py                              72      1    99%
athalia_core/i18n/__init__.py                           12      2    83%
athalia_core/i18n/en.py                                  3      0   100%
athalia_core/i18n/fr.py                                  3      0   100%
athalia_core/intelligent_auditor.py                    426    107    75%
athalia_core/main.py                                   174    171     2%
athalia_core/multi_file_editor.py                       47      7    85%
athalia_core/onboarding.py                              18      0   100%
athalia_core/plugins/__init__.py                         0      0   100%
athalia_core/plugins_manager.py                         31      2    94%
athalia_core/plugins_validator.py                       44     10    77%
athalia_core/project_importer.py                       139     32    77%
athalia_core/ready_check.py                             23      1    96%
athalia_core/security.py                                29      2    93%
athalia_core/security_auditor.py                       113     20    82%
athalia_core/templates/__init__.py                       2      2     0%
athalia_core/templates/artistic_templates.py             9      9     0%
athalia_core/templates/base_templates.py                 6      6     0%
------------------------------------------------------------------------
TOTAL                                                 3913   1360    65%
FAIL Required test coverage of 80% not reached. Total coverage: 65.24%

-------------------------------------------------------------------------------------------------------------------------- benchmark 'critical_functions': 3 tests --------------------------------------------------------------------------------------------------------------------------
Name (time in ns)                                                                                        Min                     Max                   Mean                 StdDev                Median                 IQR             Outliers  OPS (Kops/s)            Rounds  Iterations
---------------------------------------------------------------------------------------------------------------------------------------------------------------------------------------------------------------------------------------------------------------------------------------------
test_critical_function_benchmark[athalia_core.athalia_orchestrator-AthaliaOrchestrator-False]       237.4996 (1.0)        6,972.8994 (1.0)         258.8535 (1.0)          68.7270 (1.0)        252.1003 (1.0)        6.2500 (1.0)      1999;9379    3,863.1890 (1.0)      183218          20
test_critical_function_benchmark[athalia_core.auto_tester-AutoTester-False]                         957.9962 (4.03)      28,124.9959 (4.03)      1,104.9128 (4.27)        298.9919 (4.35)     1,082.9972 (4.30)      82.9896 (13.28)    1129;5128      905.0488 (0.23)     130447           1
test_critical_function_benchmark[athalia_core.advanced_analytics-AdvancedAnalytics-True]          8,124.9891 (34.21)    603,291.0023 (86.52)    10,494.4224 (40.54)    10,624.2825 (154.59)   8,500.0065 (33.72)    376.0069 (60.16)     171;1146       95.2887 (0.02)       6830           1
---------------------------------------------------------------------------------------------------------------------------------------------------------------------------------------------------------------------------------------------------------------------------------------------

Legend:
  Outliers: 1 Standard Deviation from Mean; 1.5 IQR (InterQuartile Range) from 1st Quartile and 3rd Quartile.
  OPS: Operations Per Second, computed as 1 / Mean
193 passed, 119 skipped, 20 warnings in 186.59s (0:03:06)

=============================== warnings summary ===============================
../arkalia-luna-venv/lib/python3.10/site-packages/pygame/pkgdata.py:25
  /Volumes/T7/arkalia-luna-venv/lib/python3.10/site-packages/pygame/pkgdata.py:25: UserWarning: pkg_resources is deprecated as an API. See https://setuptools.pypa.io/en/latest/pkg_resources.html. The pkg_resources package is slated for removal as early as 2025-11-30. Refrain from using this package or pin to Setuptools<81.
    from pkg_resources import resource_stream, resource_exists

tests/test_complet_athalia.py:27
  /Volumes/T7/athalia-dev-setup/tests/test_complet_athalia.py:27: PytestCollectionWarning: cannot collect test class 'TestCompletAthalia' because it has a __init__ constructor (from: tests/test_complet_athalia.py)
    class TestCompletAthalia:

tests/test_athalia_simple.py::test_creation_projet
  /Volumes/T7/arkalia-luna-venv/lib/python3.10/site-packages/_pytest/python.py:161: PytestReturnNotNoneWarning: Test functions should return None, but tests/test_athalia_simple.py::test_creation_projet returned <class 'tuple'>.
  Did you mean to use `assert` instead of `return`?
  See https://docs.pytest.org/en/stable/how-to/assert.html#return-not-none for more information.
    warnings.warn(

tests/test_athalia_simple.py::test_correction_projet
  /Volumes/T7/arkalia-luna-venv/lib/python3.10/site-packages/_pytest/python.py:161: PytestReturnNotNoneWarning: Test functions should return None, but tests/test_athalia_simple.py::test_correction_projet returned <class 'list'>.
  Did you mean to use `assert` instead of `return`?
  See https://docs.pytest.org/en/stable/how-to/assert.html#return-not-none for more information.
    warnings.warn(

tests/test_athalia_simple.py::test_audit_projet
  /Volumes/T7/arkalia-luna-venv/lib/python3.10/site-packages/_pytest/python.py:161: PytestReturnNotNoneWarning: Test functions should return None, but tests/test_athalia_simple.py::test_audit_projet returned <class 'dict'>.
  Did you mean to use `assert` instead of `return`?
  See https://docs.pytest.org/en/stable/how-to/assert.html#return-not-none for more information.
    warnings.warn(

tests/test_correction.py::test_audit
  /Volumes/T7/arkalia-luna-venv/lib/python3.10/site-packages/_pytest/python.py:161: PytestReturnNotNoneWarning: Test functions should return None, but tests/test_correction.py::test_audit returned <class 'dict'>.
  Did you mean to use `assert` instead of `return`?
  See https://docs.pytest.org/en/stable/how-to/assert.html#return-not-none for more information.
    warnings.warn(

tests/test_correction.py::test_correction
  /Volumes/T7/arkalia-luna-venv/lib/python3.10/site-packages/_pytest/python.py:161: PytestReturnNotNoneWarning: Test functions should return None, but tests/test_correction.py::test_correction returned <class 'dict'>.
  Did you mean to use `assert` instead of `return`?
  See https://docs.pytest.org/en/stable/how-to/assert.html#return-not-none for more information.
    warnings.warn(

tests/test_correction.py::test_generation_improvement
  /Volumes/T7/arkalia-luna-venv/lib/python3.10/site-packages/_pytest/python.py:161: PytestReturnNotNoneWarning: Test functions should return None, but tests/test_correction.py::test_generation_improvement returned <class 'dict'>.
  Did you mean to use `assert` instead of `return`?
  See https://docs.pytest.org/en/stable/how-to/assert.html#return-not-none for more information.
    warnings.warn(

tests/test_final.py::test_module_availability
  /Volumes/T7/arkalia-luna-venv/lib/python3.10/site-packages/_pytest/python.py:161: PytestReturnNotNoneWarning: Test functions should return None, but tests/test_final.py::test_module_availability returned <class 'bool'>.
  Did you mean to use `assert` instead of `return`?
  See https://docs.pytest.org/en/stable/how-to/assert.html#return-not-none for more information.
    warnings.warn(

tests/test_final_athalia.py::test_compilation_fichiers
  /Volumes/T7/arkalia-luna-venv/lib/python3.10/site-packages/_pytest/python.py:161: PytestReturnNotNoneWarning: Test functions should return None, but tests/test_final_athalia.py::test_compilation_fichiers returned <class 'list'>.
  Did you mean to use `assert` instead of `return`?
  See https://docs.pytest.org/en/stable/how-to/assert.html#return-not-none for more information.
    warnings.warn(

tests/test_final_athalia.py::test_execution_principale
  /Volumes/T7/arkalia-luna-venv/lib/python3.10/site-packages/_pytest/python.py:161: PytestReturnNotNoneWarning: Test functions should return None, but tests/test_final_athalia.py::test_execution_principale returned <class 'bool'>.
  Did you mean to use `assert` instead of `return`?
  See https://docs.pytest.org/en/stable/how-to/assert.html#return-not-none for more information.
    warnings.warn(

tests/test_final_athalia.py::test_imports_modules
  /Volumes/T7/arkalia-luna-venv/lib/python3.10/site-packages/_pytest/python.py:161: PytestReturnNotNoneWarning: Test functions should return None, but tests/test_final_athalia.py::test_imports_modules returned <class 'list'>.
  Did you mean to use `assert` instead of `return`?
  See https://docs.pytest.org/en/stable/how-to/assert.html#return-not-none for more information.
    warnings.warn(

tests/test_final_athalia.py::test_structure_projet
  /Volumes/T7/arkalia-luna-venv/lib/python3.10/site-packages/_pytest/python.py:161: PytestReturnNotNoneWarning: Test functions should return None, but tests/test_final_athalia.py::test_structure_projet returned <class 'list'>.
  Did you mean to use `assert` instead of `return`?
  See https://docs.pytest.org/en/stable/how-to/assert.html#return-not-none for more information.
    warnings.warn(

tests/test_plugin_complet.py::test_vscode_installation
  /Volumes/T7/arkalia-luna-venv/lib/python3.10/site-packages/_pytest/python.py:161: PytestReturnNotNoneWarning: Test functions should return None, but tests/test_plugin_complet.py::test_vscode_installation returned <class 'bool'>.
  Did you mean to use `assert` instead of `return`?
  See https://docs.pytest.org/en/stable/how-to/assert.html#return-not-none for more information.
    warnings.warn(

tests/test_plugin_complet.py::test_plugin_compilation
  /Volumes/T7/arkalia-luna-venv/lib/python3.10/site-packages/_pytest/python.py:161: PytestReturnNotNoneWarning: Test functions should return None, but tests/test_plugin_complet.py::test_plugin_compilation returned <class 'bool'>.
  Did you mean to use `assert` instead of `return`?
  See https://docs.pytest.org/en/stable/how-to/assert.html#return-not-none for more information.
    warnings.warn(

tests/test_plugin_complet.py::test_package_json
  /Volumes/T7/arkalia-luna-venv/lib/python3.10/site-packages/_pytest/python.py:161: PytestReturnNotNoneWarning: Test functions should return None, but tests/test_plugin_complet.py::test_package_json returned <class 'bool'>.
  Did you mean to use `assert` instead of `return`?
  See https://docs.pytest.org/en/stable/how-to/assert.html#return-not-none for more information.
    warnings.warn(

tests/test_plugin_complet.py::test_ai_server
  /Volumes/T7/arkalia-luna-venv/lib/python3.10/site-packages/_pytest/python.py:161: PytestReturnNotNoneWarning: Test functions should return None, but tests/test_plugin_complet.py::test_ai_server returned <class 'bool'>.
  Did you mean to use `assert` instead of `return`?
  See https://docs.pytest.org/en/stable/how-to/assert.html#return-not-none for more information.
    warnings.warn(

tests/test_plugin_complet.py::test_apple_double_files
  /Volumes/T7/arkalia-luna-venv/lib/python3.10/site-packages/_pytest/python.py:161: PytestReturnNotNoneWarning: Test functions should return None, but tests/test_plugin_complet.py::test_apple_double_files returned <class 'bool'>.
  Did you mean to use `assert` instead of `return`?
  See https://docs.pytest.org/en/stable/how-to/assert.html#return-not-none for more information.
    warnings.warn(

tests/test_unified.py::test_unified_version
  /Volumes/T7/arkalia-luna-venv/lib/python3.10/site-packages/_pytest/python.py:161: PytestReturnNotNoneWarning: Test functions should return None, but tests/test_unified.py::test_unified_version returned <class 'bool'>.
  Did you mean to use `assert` instead of `return`?
  See https://docs.pytest.org/en/stable/how-to/assert.html#return-not-none for more information.
    warnings.warn(

tests/test_unified.py::test_modules_availability
  /Volumes/T7/arkalia-luna-venv/lib/python3.10/site-packages/_pytest/python.py:161: PytestReturnNotNoneWarning: Test functions should return None, but tests/test_unified.py::test_modules_availability returned <class 'bool'>.
  Did you mean to use `assert` instead of `return`?
  See https://docs.pytest.org/en/stable/how-to/assert.html#return-not-none for more information.
    warnings.warn(

-- Docs: https://docs.pytest.org/en/stable/how-to/capture-warnings.html
================================ tests coverage ================================
______________ coverage: platform darwin, python 3.10.14-final-0 _______________

Name                                                 Stmts   Miss  Cover
------------------------------------------------------------------------
athalia_core/__init__.py                                15      0   100%
athalia_core/advanced_analytics.py                     181     19    90%
athalia_core/ai_robust.py                              190     49    74%
athalia_core/analytics.py                               80     12    85%
athalia_core/athalia_orchestrator.py                   327    103    69%
athalia_core/audit.py                                  249     10    96%
athalia_core/auto_cicd.py                              133     20    85%
athalia_core/auto_cleaner.py                           230    195    15%
athalia_core/auto_documenter.py                        331    118    64%
athalia_core/auto_tester.py                            186     80    57%
athalia_core/autocomplete_engine.py                     29      4    86%
athalia_core/autocomplete_server.py                     23      1    96%
athalia_core/ci.py                                      32      5    84%
athalia_core/classification/__init__.py                  4      0   100%
athalia_core/classification/project_classifier.py       49     27    45%
athalia_core/classification/project_types.py            15      2    87%
athalia_core/cleanup.py                                 54     17    69%
athalia_core/cli.py                                    107    107     0%
athalia_core/code_linter.py                             83     13    84%
athalia_core/config_manager.py                         170    170     0%
athalia_core/dashboard.py                               28     22    21%
athalia_core/distillation/__init__.py                    0      0   100%
athalia_core/distillation/adaptive_distillation.py      56      4    93%
athalia_core/distillation/audit_distiller.py            17      0   100%
athalia_core/distillation/code_genetics.py              29      0   100%
athalia_core/distillation/correction_distiller.py       11      1    91%
athalia_core/distillation/multimodal_distiller.py       27      3    89%
athalia_core/distillation/predictive_cache.py           35      0   100%
athalia_core/distillation/quality_scorer.py              6      0   100%
athalia_core/distillation/response_distiller.py         65      6    91%
athalia_core/generation.py                              72      1    99%
athalia_core/i18n/__init__.py                           12      2    83%
athalia_core/i18n/en.py                                  3      0   100%
athalia_core/i18n/fr.py                                  3      0   100%
athalia_core/intelligent_auditor.py                    426    107    75%
athalia_core/main.py                                   174    171     2%
athalia_core/multi_file_editor.py                       47      7    85%
athalia_core/onboarding.py                              18      0   100%
athalia_core/plugins/__init__.py                         0      0   100%
athalia_core/plugins_manager.py                         31      2    94%
athalia_core/plugins_validator.py                       44     10    77%
athalia_core/project_importer.py                       139     32    77%
athalia_core/ready_check.py                             23      1    96%
athalia_core/security.py                                29      2    93%
athalia_core/security_auditor.py                       113     20    82%
athalia_core/templates/__init__.py                       2      2     0%
athalia_core/templates/artistic_templates.py             9      9     0%
athalia_core/templates/base_templates.py                 6      6     0%
------------------------------------------------------------------------
TOTAL                                                 3913   1360    65%
FAIL Required test coverage of 80% not reached. Total coverage: 65.24%

------------------------------------------------------------------------------------------------------------------------- benchmark 'critical_functions': 3 tests -------------------------------------------------------------------------------------------------------------------------
Name (time in ns)                                                                                        Min                    Max                  Mean                StdDev                Median                 IQR              Outliers  OPS (Kops/s)            Rounds  Iterations
-------------------------------------------------------------------------------------------------------------------------------------------------------------------------------------------------------------------------------------------------------------------------------------------
test_critical_function_benchmark[athalia_core.athalia_orchestrator-AthaliaOrchestrator-False]       231.2496 (1.0)       2,975.0001 (1.0)        249.8396 (1.0)         35.0731 (1.0)        245.8502 (1.0)        4.2004 (1.0)      6013;12658    4,002.5681 (1.0)      188965          20
test_critical_function_benchmark[athalia_core.auto_tester-AutoTester-False]                         957.9962 (4.14)     40,416.9987 (13.59)    1,078.9229 (4.32)       360.4809 (10.28)    1,042.0044 (4.24)      42.0114 (10.00)      580;6099      926.8503 (0.23)     131148           1
test_critical_function_benchmark[athalia_core.advanced_analytics-AdvancedAnalytics-True]          7,790.9935 (33.69)    69,040.9943 (23.21)    8,464.5693 (33.88)    1,357.7535 (38.71)    8,165.9964 (33.22)    209.0092 (49.76)     1225;2079      118.1395 (0.03)      14564           1
-------------------------------------------------------------------------------------------------------------------------------------------------------------------------------------------------------------------------------------------------------------------------------------------

Legend:
  Outliers: 1 Standard Deviation from Mean; 1.5 IQR (InterQuartile Range) from 1st Quartile and 3rd Quartile.
  OPS: Operations Per Second, computed as 1 / Mean
=========================== short test summary info ============================
FAILED tests/test_benchmark_critical.py::test_global_coverage_threshold - Ass...
===== 1 failed, 185 passed, 118 skipped, 20 warnings in 366.76s (0:06:06) ======
