============================= test session starts ==============================
platform darwin -- Python 3.10.14, pytest-8.4.1, pluggy-1.6.0
benchmark: 5.1.0 (defaults: timer=time.perf_counter disable_gc=False min_rounds=5 min_time=0.000005 max_time=1.0 calibration_precision=10 warmup=False warmup_iterations=100000)
rootdir: /Volumes/T7/athalia-dev-setup
plugins: anyio-4.9.0, cov-6.2.1, asyncio-1.0.0, benchmark-5.1.0, timeout-2.4.0, xdist-3.7.0, mock-3.14.1, langsmith-0.4.7
asyncio: mode=strict, asyncio_default_fixture_loop_scope=None, asyncio_default_test_loop_scope=function
collected 321 items

tests/integration/test_cli_robustesse.py .                               [  0%]
tests/integration/test_end_to_end.py s                                   [  0%]
tests/integration/test_yaml_validity.py .                                [  0%]
tests/test_adaptive_distillation.py .....                                [  2%]
tests/test_advanced_analytics_unit.py .......                            [  4%]
tests/test_agent_network.py .                                            [  4%]
tests/test_ai_robust.py .............                                    [  9%]
tests/test_ai_robust_integration.py ........                             [ 11%]
tests/test_aliases.py .......                                            [ 13%]
tests/test_analytics.py ....s.                                           [ 15%]
tests/test_api_distillation.py .                                         [ 15%]
tests/test_athalia_orchestrator.py ...............                       [ 20%]
tests/test_athalia_simple.py ...                                         [ 21%]
tests/test_audit_intelligent.py ........s                                [ 24%]
tests/test_auto_cleaner_unit.py ...                                      [ 25%]
tests/test_auto_correction_avancee.py ...                                [ 26%]
tests/test_auto_tester_unit.py ....F..                                   [ 28%]
tests/test_autocomplete_server.py ...                                    [ 29%]
tests/test_benchmark_critical.py ...F                                    [ 30%]
tests/test_ci.py .                                                       [ 30%]
tests/test_cleanup.py .                                                  [ 31%]
tests/test_code_genetics.py .....                                        [ 32%]
tests/test_continue_models.py .                                          [ 33%]
tests/test_correction.py ...                                             [ 33%]
tests/test_dashboard.py .                                                [ 34%]
tests/test_dashboard_unifie.py sssss                                     [ 35%]
tests/test_dashboard_unifie_simple.py .....                              [ 37%]
tests/test_distillation.py ..........                                    [ 40%]
tests/test_final.py ...                                                  [ 41%]
tests/test_final_athalia.py ....                                         [ 42%]
tests/test_generation.py .......                                         [ 44%]
tests/test_i18n.py ..                                                    [ 45%]
tests/test_integration_1.py ...                                          [ 46%]
tests/test_integration_autogen.py .                                      [ 46%]
tests/test_integration_distillation.py .....                             [ 48%]
tests/test_integration_multimodal.py .                                   [ 48%]
tests/test_multi_file_editor.py ..                                       [ 49%]
tests/test_multimodal_distiller.py ..                                    [ 49%]
tests/test_onboarding.py .                                               [ 50%]
tests/test_performance_1.py ...                                          [ 51%]
tests/test_plugin_complet.py .....                                       [ 52%]
tests/test_plugins.py ....                                               [ 53%]
tests/test_plugins_validator.py ..                                       [ 54%]
tests/test_predictive_cache.py ......                                    [ 56%]
tests/test_profils_utilisateur_avances.py .....                          [ 57%]
tests/test_project_importer.py .                                         [ 58%]
tests/test_ready_check.py ..                                             [ 58%]
tests/test_security.py .                                                 [ 59%]
tests/test_unified.py ..                                                 [ 59%]
tests/test_unit_1.py ss                                                  [ 60%]
tests/test_unit_10.py sss                                                [ 61%]
tests/test_unit_11.py sss                                                [ 62%]
tests/test_unit_12.py ss                                                 [ 62%]
tests/test_unit_13.py ss                                                 [ 63%]
tests/test_unit_14.py .ss                                                [ 64%]
tests/test_unit_15.py sss                                                [ 65%]
tests/test_unit_16.py sssssssssssssssssss                                [ 71%]
tests/test_unit_17.py .s                                                 [ 71%]
tests/test_unit_18.py .sss                                               [ 73%]
tests/test_unit_19.py .s                                                 [ 73%]
tests/test_unit_2.py s                                                   [ 74%]
tests/test_unit_20.py .                                                  [ 74%]
tests/test_unit_21.py .s                                                 [ 75%]
tests/test_unit_22.py .sssssssssss                                       [ 78%]
tests/test_unit_23.py .s                                                 [ 79%]
tests/test_unit_26.py .sssssssss                                         [ 82%]
tests/test_unit_27.py .ssssssss                                          [ 85%]
tests/test_unit_28.py .sssssssssss                                       [ 89%]
tests/test_unit_3.py sssss                                               [ 90%]
tests/test_unit_30.py .ss                                                [ 91%]
tests/test_unit_31.py .ss                                                [ 92%]
tests/test_unit_32.py .s                                                 [ 93%]
tests/test_unit_33.py .                                                  [ 93%]
tests/test_unit_34.py .                                                  [ 93%]
tests/test_unit_35.py .                                                  [ 94%]
tests/test_unit_36.py .                                                  [ 94%]
tests/test_unit_4.py ss                                                  [ 95%]
tests/test_unit_5.py sssss.ssssss                                        [ 98%]
tests/test_unit_6.py s                                                   [ 99%]
tests/test_unit_7.py sss
ERROR: Coverage failure: total of 68 is less than fail-under=80
                                                                         [100%]

=================================== FAILURES ===================================
___________________ TestAutoTester.test_generate_test_report ___________________

self = <test_auto_tester_unit.TestAutoTester testMethod=test_generate_test_report>

    def test_generate_test_report(self):
        # Doit retourner une chaÃ®ne contenant le rÃ©sumÃ© des tests
        self.tester.test_results = {
            'unit_tests': {'passed': 1, 'failed': 0, 'errors': []},
            'integration_tests': {'passed': 1, 'failed': 0, 'errors': []},
            'performance_tests': {'passed': 1, 'failed': 0, 'errors': []},
        }
        self.tester.generated_tests = ['test_unit_1.py', 'test_integration_1.py', 'test_performance_1.py']
        report = self.tester.generate_test_report()
        self.assertIsInstance(report, str)
        self.assertIn('RAPPORT DE TESTS AUTOMATIQUES', report)
>       self.assertIn('unit_tests', report or '')
E       AssertionError: 'unit_tests' not found in "\n============================================================\nðŸ§ª RAPPORT DE TESTS AUTOMATIQUES - \n============================================================\n\nðŸ“Š RÃ‰SULTATS DES TESTS:\n\nðŸ“‹ Tests unitaires:\n   â€¢ RÃ©ussis: 1\n   â€¢ Ã‰chouÃ©s: 0\n   â€¢ Erreurs: 0\n\nðŸ”— Tests d'intÃ©gration:\n   â€¢ RÃ©ussis: 1\n   â€¢ Ã‰chouÃ©s: 0\n   â€¢ Erreurs: 0\n\nâš¡ Tests de performance:\n   â€¢ RÃ©ussis: 1\n   â€¢ Ã‰chouÃ©s: 0\n   â€¢ Erreurs: 0\n\nðŸ“„ FICHIERS CRÃ‰Ã‰S (3):\n   â€¢ test_unit_1.py\n   â€¢ test_integration_1.py\n   â€¢ test_performance_1.py\n\nðŸš€ POUR LANCER LES TESTS:\n\n```bash\ncd .\n./run_tests.sh\n```\n\nOu manuellement:\n```bash\npython -m pytest tests/ -v\n```\n\n============================================================\n"

tests/test_auto_tester_unit.py:60: AssertionError
________________________ test_global_coverage_threshold ________________________

    def test_global_coverage_threshold():
        """Ce test Ã©choue si la couverture descend sous 80%."""
        # EmpÃªcher la rÃ©cursion infinie en dÃ©tectant l'environnement
        if os.environ.get("ATHALIA_COVERAGE_SUBPROCESS") == "1":
            pytest.skip("Test de couverture lancÃ© en sous-processus, skip pour Ã©viter la rÃ©cursion.")
        import subprocess
        env = os.environ.copy()
        env["ATHALIA_COVERAGE_SUBPROCESS"] = "1"
        result = subprocess.run([
            sys.executable, "-m", "pytest", "--cov=athalia_core", "--cov-report=term", "--cov-fail-under=80", "-q"
        ], capture_output=True, text=True, env=env)
        print(result.stdout)
>       assert result.returncode == 0, "La couverture de code est insuffisante (<80%) !"
E       AssertionError: La couverture de code est insuffisante (<80%) !
E       assert 1 == 0
E        +  where 1 = CompletedProcess(args=['/Volumes/T7/arkalia-luna-venv/bin/python', '-m', 'pytest', '--cov=athalia_core', '--cov-report...ia-dev-setup/athalia_core/templates/api_templates.py\' (couldnt-parse)\n  coverage._warn(msg, slug="couldnt-parse")\n').returncode

tests/test_benchmark_critical.py:43: AssertionError
----------------------------- Captured stdout call -----------------------------
.........s..............................................s............... [ 21%]
.............s..........F........s............sssss..................... [ 43%]
........................................................ssssssssssss.sss [ 65%]
sssssssssssssssssssss.s.sss.ss..s.sssssssssss.s.sssssssss.ssssssss.sssss [ 87%]
sssssssssss.ss.ss.s....sssssss.ssssssssss
ERROR: Coverage failure: total of 68 is less than fail-under=80
                                                                         [100%]
=================================== FAILURES ===================================
___________________ TestAutoTester.test_generate_test_report ___________________

self = <test_auto_tester_unit.TestAutoTester testMethod=test_generate_test_report>

    def test_generate_test_report(self):
        # Doit retourner une chaÃ®ne contenant le rÃ©sumÃ© des tests
        self.tester.test_results = {
            'unit_tests': {'passed': 1, 'failed': 0, 'errors': []},
            'integration_tests': {'passed': 1, 'failed': 0, 'errors': []},
            'performance_tests': {'passed': 1, 'failed': 0, 'errors': []},
        }
        self.tester.generated_tests = ['test_unit_1.py', 'test_integration_1.py', 'test_performance_1.py']
        report = self.tester.generate_test_report()
        self.assertIsInstance(report, str)
        self.assertIn('RAPPORT DE TESTS AUTOMATIQUES', report)
>       self.assertIn('unit_tests', report or '')
E       AssertionError: 'unit_tests' not found in "\n============================================================\nðŸ§ª RAPPORT DE TESTS AUTOMATIQUES - \n============================================================\n\nðŸ“Š RÃ‰SULTATS DES TESTS:\n\nðŸ“‹ Tests unitaires:\n   â€¢ RÃ©ussis: 1\n   â€¢ Ã‰chouÃ©s: 0\n   â€¢ Erreurs: 0\n\nðŸ”— Tests d'intÃ©gration:\n   â€¢ RÃ©ussis: 1\n   â€¢ Ã‰chouÃ©s: 0\n   â€¢ Erreurs: 0\n\nâš¡ Tests de performance:\n   â€¢ RÃ©ussis: 1\n   â€¢ Ã‰chouÃ©s: 0\n   â€¢ Erreurs: 0\n\nðŸ“„ FICHIERS CRÃ‰Ã‰S (3):\n   â€¢ test_unit_1.py\n   â€¢ test_integration_1.py\n   â€¢ test_performance_1.py\n\nðŸš€ POUR LANCER LES TESTS:\n\n```bash\ncd .\n./run_tests.sh\n```\n\nOu manuellement:\n```bash\npython -m pytest tests/ -v\n```\n\n============================================================\n"

tests/test_auto_tester_unit.py:60: AssertionError
=============================== warnings summary ===============================
../arkalia-luna-venv/lib/python3.10/site-packages/pygame/pkgdata.py:25
  /Volumes/T7/arkalia-luna-venv/lib/python3.10/site-packages/pygame/pkgdata.py:25: UserWarning: pkg_resources is deprecated as an API. See https://setuptools.pypa.io/en/latest/pkg_resources.html. The pkg_resources package is slated for removal as early as 2025-11-30. Refrain from using this package or pin to Setuptools<81.
    from pkg_resources import resource_stream, resource_exists

tests/test_complet_athalia.py:27
  /Volumes/T7/athalia-dev-setup/tests/test_complet_athalia.py:27: PytestCollectionWarning: cannot collect test class 'TestCompletAthalia' because it has a __init__ constructor (from: tests/test_complet_athalia.py)
    class TestCompletAthalia:

tests/test_athalia_simple.py::test_creation_projet
  /Volumes/T7/arkalia-luna-venv/lib/python3.10/site-packages/_pytest/python.py:161: PytestReturnNotNoneWarning: Test functions should return None, but tests/test_athalia_simple.py::test_creation_projet returned <class 'tuple'>.
  Did you mean to use `assert` instead of `return`?
  See https://docs.pytest.org/en/stable/how-to/assert.html#return-not-none for more information.
    warnings.warn(

tests/test_athalia_simple.py::test_correction_projet
  /Volumes/T7/arkalia-luna-venv/lib/python3.10/site-packages/_pytest/python.py:161: PytestReturnNotNoneWarning: Test functions should return None, but tests/test_athalia_simple.py::test_correction_projet returned <class 'list'>.
  Did you mean to use `assert` instead of `return`?
  See https://docs.pytest.org/en/stable/how-to/assert.html#return-not-none for more information.
    warnings.warn(

tests/test_athalia_simple.py::test_audit_projet
  /Volumes/T7/arkalia-luna-venv/lib/python3.10/site-packages/_pytest/python.py:161: PytestReturnNotNoneWarning: Test functions should return None, but tests/test_athalia_simple.py::test_audit_projet returned <class 'dict'>.
  Did you mean to use `assert` instead of `return`?
  See https://docs.pytest.org/en/stable/how-to/assert.html#return-not-none for more information.
    warnings.warn(

tests/test_correction.py::test_audit
  /Volumes/T7/arkalia-luna-venv/lib/python3.10/site-packages/_pytest/python.py:161: PytestReturnNotNoneWarning: Test functions should return None, but tests/test_correction.py::test_audit returned <class 'dict'>.
  Did you mean to use `assert` instead of `return`?
  See https://docs.pytest.org/en/stable/how-to/assert.html#return-not-none for more information.
    warnings.warn(

tests/test_correction.py::test_correction
  /Volumes/T7/arkalia-luna-venv/lib/python3.10/site-packages/_pytest/python.py:161: PytestReturnNotNoneWarning: Test functions should return None, but tests/test_correction.py::test_correction returned <class 'dict'>.
  Did you mean to use `assert` instead of `return`?
  See https://docs.pytest.org/en/stable/how-to/assert.html#return-not-none for more information.
    warnings.warn(

tests/test_correction.py::test_generation_improvement
  /Volumes/T7/arkalia-luna-venv/lib/python3.10/site-packages/_pytest/python.py:161: PytestReturnNotNoneWarning: Test functions should return None, but tests/test_correction.py::test_generation_improvement returned <class 'dict'>.
  Did you mean to use `assert` instead of `return`?
  See https://docs.pytest.org/en/stable/how-to/assert.html#return-not-none for more information.
    warnings.warn(

tests/test_final.py::test_module_availability
  /Volumes/T7/arkalia-luna-venv/lib/python3.10/site-packages/_pytest/python.py:161: PytestReturnNotNoneWarning: Test functions should return None, but tests/test_final.py::test_module_availability returned <class 'bool'>.
  Did you mean to use `assert` instead of `return`?
  See https://docs.pytest.org/en/stable/how-to/assert.html#return-not-none for more information.
    warnings.warn(

tests/test_final_athalia.py::test_compilation_fichiers
  /Volumes/T7/arkalia-luna-venv/lib/python3.10/site-packages/_pytest/python.py:161: PytestReturnNotNoneWarning: Test functions should return None, but tests/test_final_athalia.py::test_compilation_fichiers returned <class 'list'>.
  Did you mean to use `assert` instead of `return`?
  See https://docs.pytest.org/en/stable/how-to/assert.html#return-not-none for more information.
    warnings.warn(

tests/test_final_athalia.py::test_execution_principale
  /Volumes/T7/arkalia-luna-venv/lib/python3.10/site-packages/_pytest/python.py:161: PytestReturnNotNoneWarning: Test functions should return None, but tests/test_final_athalia.py::test_execution_principale returned <class 'bool'>.
  Did you mean to use `assert` instead of `return`?
  See https://docs.pytest.org/en/stable/how-to/assert.html#return-not-none for more information.
    warnings.warn(

tests/test_final_athalia.py::test_imports_modules
  /Volumes/T7/arkalia-luna-venv/lib/python3.10/site-packages/_pytest/python.py:161: PytestReturnNotNoneWarning: Test functions should return None, but tests/test_final_athalia.py::test_imports_modules returned <class 'list'>.
  Did you mean to use `assert` instead of `return`?
  See https://docs.pytest.org/en/stable/how-to/assert.html#return-not-none for more information.
    warnings.warn(

tests/test_final_athalia.py::test_structure_projet
  /Volumes/T7/arkalia-luna-venv/lib/python3.10/site-packages/_pytest/python.py:161: PytestReturnNotNoneWarning: Test functions should return None, but tests/test_final_athalia.py::test_structure_projet returned <class 'list'>.
  Did you mean to use `assert` instead of `return`?
  See https://docs.pytest.org/en/stable/how-to/assert.html#return-not-none for more information.
    warnings.warn(

tests/test_plugin_complet.py::test_vscode_installation
  /Volumes/T7/arkalia-luna-venv/lib/python3.10/site-packages/_pytest/python.py:161: PytestReturnNotNoneWarning: Test functions should return None, but tests/test_plugin_complet.py::test_vscode_installation returned <class 'bool'>.
  Did you mean to use `assert` instead of `return`?
  See https://docs.pytest.org/en/stable/how-to/assert.html#return-not-none for more information.
    warnings.warn(

tests/test_plugin_complet.py::test_plugin_compilation
  /Volumes/T7/arkalia-luna-venv/lib/python3.10/site-packages/_pytest/python.py:161: PytestReturnNotNoneWarning: Test functions should return None, but tests/test_plugin_complet.py::test_plugin_compilation returned <class 'bool'>.
  Did you mean to use `assert` instead of `return`?
  See https://docs.pytest.org/en/stable/how-to/assert.html#return-not-none for more information.
    warnings.warn(

tests/test_plugin_complet.py::test_package_json
  /Volumes/T7/arkalia-luna-venv/lib/python3.10/site-packages/_pytest/python.py:161: PytestReturnNotNoneWarning: Test functions should return None, but tests/test_plugin_complet.py::test_package_json returned <class 'bool'>.
  Did you mean to use `assert` instead of `return`?
  See https://docs.pytest.org/en/stable/how-to/assert.html#return-not-none for more information.
    warnings.warn(

tests/test_plugin_complet.py::test_ai_server
  /Volumes/T7/arkalia-luna-venv/lib/python3.10/site-packages/_pytest/python.py:161: PytestReturnNotNoneWarning: Test functions should return None, but tests/test_plugin_complet.py::test_ai_server returned <class 'bool'>.
  Did you mean to use `assert` instead of `return`?
  See https://docs.pytest.org/en/stable/how-to/assert.html#return-not-none for more information.
    warnings.warn(

tests/test_plugin_complet.py::test_apple_double_files
  /Volumes/T7/arkalia-luna-venv/lib/python3.10/site-packages/_pytest/python.py:161: PytestReturnNotNoneWarning: Test functions should return None, but tests/test_plugin_complet.py::test_apple_double_files returned <class 'bool'>.
  Did you mean to use `assert` instead of `return`?
  See https://docs.pytest.org/en/stable/how-to/assert.html#return-not-none for more information.
    warnings.warn(

tests/test_unified.py::test_unified_version
  /Volumes/T7/arkalia-luna-venv/lib/python3.10/site-packages/_pytest/python.py:161: PytestReturnNotNoneWarning: Test functions should return None, but tests/test_unified.py::test_unified_version returned <class 'bool'>.
  Did you mean to use `assert` instead of `return`?
  See https://docs.pytest.org/en/stable/how-to/assert.html#return-not-none for more information.
    warnings.warn(

tests/test_unified.py::test_modules_availability
  /Volumes/T7/arkalia-luna-venv/lib/python3.10/site-packages/_pytest/python.py:161: PytestReturnNotNoneWarning: Test functions should return None, but tests/test_unified.py::test_modules_availability returned <class 'bool'>.
  Did you mean to use `assert` instead of `return`?
  See https://docs.pytest.org/en/stable/how-to/assert.html#return-not-none for more information.
    warnings.warn(

-- Docs: https://docs.pytest.org/en/stable/how-to/capture-warnings.html
================================ tests coverage ================================
______________ coverage: platform darwin, python 3.10.14-final-0 _______________

Name                                                 Stmts   Miss  Cover
------------------------------------------------------------------------
athalia_core/__init__.py                                15      0   100%
athalia_core/advanced_analytics.py                     181     19    90%
athalia_core/ai_robust.py                              190     49    74%
athalia_core/analytics.py                               80     12    85%
athalia_core/athalia_orchestrator.py                   327    103    69%
athalia_core/audit.py                                  249     10    96%
athalia_core/auto_cicd.py                              133     20    85%
athalia_core/auto_cleaner.py                           230     93    60%
athalia_core/auto_documenter.py                        331    118    64%
athalia_core/auto_tester.py                            186     73    61%
athalia_core/autocomplete_engine.py                     29      4    86%
athalia_core/autocomplete_server.py                     23      1    96%
athalia_core/ci.py                                      32      5    84%
athalia_core/classification/__init__.py                  4      0   100%
athalia_core/classification/project_classifier.py       49     27    45%
athalia_core/classification/project_types.py            15      2    87%
athalia_core/cleanup.py                                 54     17    69%
athalia_core/cli.py                                    107    107     0%
athalia_core/code_linter.py                             83     13    84%
athalia_core/config_manager.py                         170    170     0%
athalia_core/dashboard.py                               28     22    21%
athalia_core/distillation/__init__.py                    0      0   100%
athalia_core/distillation/adaptive_distillation.py      56      4    93%
athalia_core/distillation/audit_distiller.py            17      0   100%
athalia_core/distillation/code_genetics.py              29      0   100%
athalia_core/distillation/correction_distiller.py       11      1    91%
athalia_core/distillation/multimodal_distiller.py       27      3    89%
athalia_core/distillation/predictive_cache.py           35      0   100%
athalia_core/distillation/quality_scorer.py              6      0   100%
athalia_core/distillation/response_distiller.py         65      6    91%
athalia_core/generation.py                              72      1    99%
athalia_core/i18n/__init__.py                           12      2    83%
athalia_core/i18n/en.py                                  3      0   100%
athalia_core/i18n/fr.py                                  3      0   100%
athalia_core/intelligent_auditor.py                    426    107    75%
athalia_core/main.py                                   174    171     2%
athalia_core/multi_file_editor.py                       47      7    85%
athalia_core/onboarding.py                              18      0   100%
athalia_core/plugins/__init__.py                         0      0   100%
athalia_core/plugins_manager.py                         31      2    94%
athalia_core/plugins_validator.py                       44     10    77%
athalia_core/project_importer.py                       139     32    77%
athalia_core/ready_check.py                             23      1    96%
athalia_core/security.py                                29      2    93%
athalia_core/security_auditor.py                       113     20    82%
athalia_core/templates/__init__.py                       2      2     0%
athalia_core/templates/artistic_templates.py             9      9     0%
athalia_core/templates/base_templates.py                 6      6     0%
------------------------------------------------------------------------
TOTAL                                                 3913   1251    68%
FAIL Required test coverage of 80% not reached. Total coverage: 68.03%

------------------------------------------------------------------------------------------------------------------------- benchmark 'critical_functions': 3 tests -------------------------------------------------------------------------------------------------------------------------
Name (time in ns)                                                                                        Min                    Max                  Mean                StdDev                Median                 IQR              Outliers  OPS (Kops/s)            Rounds  Iterations
-------------------------------------------------------------------------------------------------------------------------------------------------------------------------------------------------------------------------------------------------------------------------------------------
test_critical_function_benchmark[athalia_core.athalia_orchestrator-AthaliaOrchestrator-False]       207.9905 (1.0)      23,209.0097 (1.22)       305.1913 (1.0)        114.1198 (1.0)        291.9987 (1.0)       40.9927 (1.64)        122;255    3,276.6333 (1.0)      146349           1
test_critical_function_benchmark[athalia_core.auto_tester-AutoTester-False]                         891.5988 (4.29)     19,041.6002 (1.0)        970.5596 (3.18)       165.2102 (1.45)       950.0014 (3.25)      25.0002 (1.0)      5912;10788    1,030.3335 (0.31)     192013           5
test_critical_function_benchmark[athalia_core.advanced_analytics-AdvancedAnalytics-True]          7,790.9935 (37.46)    73,625.0076 (3.87)     8,487.7863 (27.81)    1,131.9400 (9.92)     8,125.0037 (27.83)    291.9987 (11.68)     1921;2669      117.8163 (0.04)      16473           1
-------------------------------------------------------------------------------------------------------------------------------------------------------------------------------------------------------------------------------------------------------------------------------------------

Legend:
  Outliers: 1 Standard Deviation from Mean; 1.5 IQR (InterQuartile Range) from 1st Quartile and 3rd Quartile.
  OPS: Operations Per Second, computed as 1 / Mean
=========================== short test summary info ============================
FAILED tests/test_auto_tester_unit.py::TestAutoTester::test_generate_test_report
1 failed, 209 passed, 119 skipped, 20 warnings in 202.33s (0:03:22)

=============================== warnings summary ===============================
../arkalia-luna-venv/lib/python3.10/site-packages/pygame/pkgdata.py:25
  /Volumes/T7/arkalia-luna-venv/lib/python3.10/site-packages/pygame/pkgdata.py:25: UserWarning: pkg_resources is deprecated as an API. See https://setuptools.pypa.io/en/latest/pkg_resources.html. The pkg_resources package is slated for removal as early as 2025-11-30. Refrain from using this package or pin to Setuptools<81.
    from pkg_resources import resource_stream, resource_exists

tests/test_complet_athalia.py:27
  /Volumes/T7/athalia-dev-setup/tests/test_complet_athalia.py:27: PytestCollectionWarning: cannot collect test class 'TestCompletAthalia' because it has a __init__ constructor (from: tests/test_complet_athalia.py)
    class TestCompletAthalia:

tests/test_athalia_simple.py::test_creation_projet
  /Volumes/T7/arkalia-luna-venv/lib/python3.10/site-packages/_pytest/python.py:161: PytestReturnNotNoneWarning: Test functions should return None, but tests/test_athalia_simple.py::test_creation_projet returned <class 'tuple'>.
  Did you mean to use `assert` instead of `return`?
  See https://docs.pytest.org/en/stable/how-to/assert.html#return-not-none for more information.
    warnings.warn(

tests/test_athalia_simple.py::test_correction_projet
  /Volumes/T7/arkalia-luna-venv/lib/python3.10/site-packages/_pytest/python.py:161: PytestReturnNotNoneWarning: Test functions should return None, but tests/test_athalia_simple.py::test_correction_projet returned <class 'list'>.
  Did you mean to use `assert` instead of `return`?
  See https://docs.pytest.org/en/stable/how-to/assert.html#return-not-none for more information.
    warnings.warn(

tests/test_athalia_simple.py::test_audit_projet
  /Volumes/T7/arkalia-luna-venv/lib/python3.10/site-packages/_pytest/python.py:161: PytestReturnNotNoneWarning: Test functions should return None, but tests/test_athalia_simple.py::test_audit_projet returned <class 'dict'>.
  Did you mean to use `assert` instead of `return`?
  See https://docs.pytest.org/en/stable/how-to/assert.html#return-not-none for more information.
    warnings.warn(

tests/test_correction.py::test_audit
  /Volumes/T7/arkalia-luna-venv/lib/python3.10/site-packages/_pytest/python.py:161: PytestReturnNotNoneWarning: Test functions should return None, but tests/test_correction.py::test_audit returned <class 'dict'>.
  Did you mean to use `assert` instead of `return`?
  See https://docs.pytest.org/en/stable/how-to/assert.html#return-not-none for more information.
    warnings.warn(

tests/test_correction.py::test_correction
  /Volumes/T7/arkalia-luna-venv/lib/python3.10/site-packages/_pytest/python.py:161: PytestReturnNotNoneWarning: Test functions should return None, but tests/test_correction.py::test_correction returned <class 'dict'>.
  Did you mean to use `assert` instead of `return`?
  See https://docs.pytest.org/en/stable/how-to/assert.html#return-not-none for more information.
    warnings.warn(

tests/test_correction.py::test_generation_improvement
  /Volumes/T7/arkalia-luna-venv/lib/python3.10/site-packages/_pytest/python.py:161: PytestReturnNotNoneWarning: Test functions should return None, but tests/test_correction.py::test_generation_improvement returned <class 'dict'>.
  Did you mean to use `assert` instead of `return`?
  See https://docs.pytest.org/en/stable/how-to/assert.html#return-not-none for more information.
    warnings.warn(

tests/test_final.py::test_module_availability
  /Volumes/T7/arkalia-luna-venv/lib/python3.10/site-packages/_pytest/python.py:161: PytestReturnNotNoneWarning: Test functions should return None, but tests/test_final.py::test_module_availability returned <class 'bool'>.
  Did you mean to use `assert` instead of `return`?
  See https://docs.pytest.org/en/stable/how-to/assert.html#return-not-none for more information.
    warnings.warn(

tests/test_final_athalia.py::test_compilation_fichiers
  /Volumes/T7/arkalia-luna-venv/lib/python3.10/site-packages/_pytest/python.py:161: PytestReturnNotNoneWarning: Test functions should return None, but tests/test_final_athalia.py::test_compilation_fichiers returned <class 'list'>.
  Did you mean to use `assert` instead of `return`?
  See https://docs.pytest.org/en/stable/how-to/assert.html#return-not-none for more information.
    warnings.warn(

tests/test_final_athalia.py::test_execution_principale
  /Volumes/T7/arkalia-luna-venv/lib/python3.10/site-packages/_pytest/python.py:161: PytestReturnNotNoneWarning: Test functions should return None, but tests/test_final_athalia.py::test_execution_principale returned <class 'bool'>.
  Did you mean to use `assert` instead of `return`?
  See https://docs.pytest.org/en/stable/how-to/assert.html#return-not-none for more information.
    warnings.warn(

tests/test_final_athalia.py::test_imports_modules
  /Volumes/T7/arkalia-luna-venv/lib/python3.10/site-packages/_pytest/python.py:161: PytestReturnNotNoneWarning: Test functions should return None, but tests/test_final_athalia.py::test_imports_modules returned <class 'list'>.
  Did you mean to use `assert` instead of `return`?
  See https://docs.pytest.org/en/stable/how-to/assert.html#return-not-none for more information.
    warnings.warn(

tests/test_final_athalia.py::test_structure_projet
  /Volumes/T7/arkalia-luna-venv/lib/python3.10/site-packages/_pytest/python.py:161: PytestReturnNotNoneWarning: Test functions should return None, but tests/test_final_athalia.py::test_structure_projet returned <class 'list'>.
  Did you mean to use `assert` instead of `return`?
  See https://docs.pytest.org/en/stable/how-to/assert.html#return-not-none for more information.
    warnings.warn(

tests/test_plugin_complet.py::test_vscode_installation
  /Volumes/T7/arkalia-luna-venv/lib/python3.10/site-packages/_pytest/python.py:161: PytestReturnNotNoneWarning: Test functions should return None, but tests/test_plugin_complet.py::test_vscode_installation returned <class 'bool'>.
  Did you mean to use `assert` instead of `return`?
  See https://docs.pytest.org/en/stable/how-to/assert.html#return-not-none for more information.
    warnings.warn(

tests/test_plugin_complet.py::test_plugin_compilation
  /Volumes/T7/arkalia-luna-venv/lib/python3.10/site-packages/_pytest/python.py:161: PytestReturnNotNoneWarning: Test functions should return None, but tests/test_plugin_complet.py::test_plugin_compilation returned <class 'bool'>.
  Did you mean to use `assert` instead of `return`?
  See https://docs.pytest.org/en/stable/how-to/assert.html#return-not-none for more information.
    warnings.warn(

tests/test_plugin_complet.py::test_package_json
  /Volumes/T7/arkalia-luna-venv/lib/python3.10/site-packages/_pytest/python.py:161: PytestReturnNotNoneWarning: Test functions should return None, but tests/test_plugin_complet.py::test_package_json returned <class 'bool'>.
  Did you mean to use `assert` instead of `return`?
  See https://docs.pytest.org/en/stable/how-to/assert.html#return-not-none for more information.
    warnings.warn(

tests/test_plugin_complet.py::test_ai_server
  /Volumes/T7/arkalia-luna-venv/lib/python3.10/site-packages/_pytest/python.py:161: PytestReturnNotNoneWarning: Test functions should return None, but tests/test_plugin_complet.py::test_ai_server returned <class 'bool'>.
  Did you mean to use `assert` instead of `return`?
  See https://docs.pytest.org/en/stable/how-to/assert.html#return-not-none for more information.
    warnings.warn(

tests/test_plugin_complet.py::test_apple_double_files
  /Volumes/T7/arkalia-luna-venv/lib/python3.10/site-packages/_pytest/python.py:161: PytestReturnNotNoneWarning: Test functions should return None, but tests/test_plugin_complet.py::test_apple_double_files returned <class 'bool'>.
  Did you mean to use `assert` instead of `return`?
  See https://docs.pytest.org/en/stable/how-to/assert.html#return-not-none for more information.
    warnings.warn(

tests/test_unified.py::test_unified_version
  /Volumes/T7/arkalia-luna-venv/lib/python3.10/site-packages/_pytest/python.py:161: PytestReturnNotNoneWarning: Test functions should return None, but tests/test_unified.py::test_unified_version returned <class 'bool'>.
  Did you mean to use `assert` instead of `return`?
  See https://docs.pytest.org/en/stable/how-to/assert.html#return-not-none for more information.
    warnings.warn(

tests/test_unified.py::test_modules_availability
  /Volumes/T7/arkalia-luna-venv/lib/python3.10/site-packages/_pytest/python.py:161: PytestReturnNotNoneWarning: Test functions should return None, but tests/test_unified.py::test_modules_availability returned <class 'bool'>.
  Did you mean to use `assert` instead of `return`?
  See https://docs.pytest.org/en/stable/how-to/assert.html#return-not-none for more information.
    warnings.warn(

-- Docs: https://docs.pytest.org/en/stable/how-to/capture-warnings.html
================================ tests coverage ================================
______________ coverage: platform darwin, python 3.10.14-final-0 _______________

Name                                                 Stmts   Miss  Cover
------------------------------------------------------------------------
athalia_core/__init__.py                                15      0   100%
athalia_core/advanced_analytics.py                     181     19    90%
athalia_core/ai_robust.py                              190     49    74%
athalia_core/analytics.py                               80     12    85%
athalia_core/athalia_orchestrator.py                   327    103    69%
athalia_core/audit.py                                  249     10    96%
athalia_core/auto_cicd.py                              133     20    85%
athalia_core/auto_cleaner.py                           230     93    60%
athalia_core/auto_documenter.py                        331    118    64%
athalia_core/auto_tester.py                            186     73    61%
athalia_core/autocomplete_engine.py                     29      4    86%
athalia_core/autocomplete_server.py                     23      1    96%
athalia_core/ci.py                                      32      5    84%
athalia_core/classification/__init__.py                  4      0   100%
athalia_core/classification/project_classifier.py       49     27    45%
athalia_core/classification/project_types.py            15      2    87%
athalia_core/cleanup.py                                 54     17    69%
athalia_core/cli.py                                    107    107     0%
athalia_core/code_linter.py                             83     13    84%
athalia_core/config_manager.py                         170    170     0%
athalia_core/dashboard.py                               28     22    21%
athalia_core/distillation/__init__.py                    0      0   100%
athalia_core/distillation/adaptive_distillation.py      56      4    93%
athalia_core/distillation/audit_distiller.py            17      0   100%
athalia_core/distillation/code_genetics.py              29      0   100%
athalia_core/distillation/correction_distiller.py       11      1    91%
athalia_core/distillation/multimodal_distiller.py       27      3    89%
athalia_core/distillation/predictive_cache.py           35      0   100%
athalia_core/distillation/quality_scorer.py              6      0   100%
athalia_core/distillation/response_distiller.py         65      6    91%
athalia_core/generation.py                              72      1    99%
athalia_core/i18n/__init__.py                           12      2    83%
athalia_core/i18n/en.py                                  3      0   100%
athalia_core/i18n/fr.py                                  3      0   100%
athalia_core/intelligent_auditor.py                    426    107    75%
athalia_core/main.py                                   174    171     2%
athalia_core/multi_file_editor.py                       47      7    85%
athalia_core/onboarding.py                              18      0   100%
athalia_core/plugins/__init__.py                         0      0   100%
athalia_core/plugins_manager.py                         31      2    94%
athalia_core/plugins_validator.py                       44     10    77%
athalia_core/project_importer.py                       139     32    77%
athalia_core/ready_check.py                             23      1    96%
athalia_core/security.py                                29      2    93%
athalia_core/security_auditor.py                       113     20    82%
athalia_core/templates/__init__.py                       2      2     0%
athalia_core/templates/artistic_templates.py             9      9     0%
athalia_core/templates/base_templates.py                 6      6     0%
------------------------------------------------------------------------
TOTAL                                                 3913   1251    68%
FAIL Required test coverage of 80% not reached. Total coverage: 68.03%

------------------------------------------------------------------------------------------------------------------------ benchmark 'critical_functions': 3 tests -------------------------------------------------------------------------------------------------------------------------
Name (time in ns)                                                                                        Min                     Max                  Mean                StdDev                Median                 IQR            Outliers  OPS (Kops/s)            Rounds  Iterations
------------------------------------------------------------------------------------------------------------------------------------------------------------------------------------------------------------------------------------------------------------------------------------------
test_critical_function_benchmark[athalia_core.athalia_orchestrator-AthaliaOrchestrator-False]       249.9874 (1.0)       64,457.9995 (2.54)       312.6527 (1.0)        196.3535 (1.0)        291.9987 (1.0)       41.0073 (1.64)      152;513    3,198.4367 (1.0)      155861           1
test_critical_function_benchmark[athalia_core.auto_tester-AutoTester-False]                         908.1996 (3.63)      25,358.4003 (1.0)        987.0279 (3.16)       285.0914 (1.45)       966.8001 (3.31)      24.9973 (1.0)     1011;5636    1,013.1426 (0.32)     190476           5
test_critical_function_benchmark[athalia_core.advanced_analytics-AdvancedAnalytics-True]          7,708.0040 (30.83)    100,582.9981 (3.97)     8,483.6832 (27.13)    1,660.0042 (8.45)     8,166.9859 (27.97)    291.9987 (11.68)    976;2348      117.8733 (0.04)      17455           1
------------------------------------------------------------------------------------------------------------------------------------------------------------------------------------------------------------------------------------------------------------------------------------------

Legend:
  Outliers: 1 Standard Deviation from Mean; 1.5 IQR (InterQuartile Range) from 1st Quartile and 3rd Quartile.
  OPS: Operations Per Second, computed as 1 / Mean
=========================== short test summary info ============================
FAILED tests/test_auto_tester_unit.py::TestAutoTester::test_generate_test_report
FAILED tests/test_benchmark_critical.py::test_global_coverage_threshold - Ass...
===== 2 failed, 201 passed, 118 skipped, 20 warnings in 396.19s (0:06:36) ======
